<?xml version="1.0" encoding="UTF-8"?>
<testsuite xmlns:xsi="http://www.w3.org/2001/XMLSchema-instance" xsi:noNamespaceSchemaLocation="https://maven.apache.org/surefire/maven-surefire-plugin/xsd/surefire-test-report-3.0.xsd" version="3.0" name="org.rygn.first_graphql.FirstGraphqlApplicationTests" time="1.402" tests="1" errors="1" skipped="0" failures="0">
  <properties>
    <property name="java.specification.version" value="21"/>
    <property name="sun.jnu.encoding" value="UTF-8"/>
    <property name="java.class.path" value="/Users/robinbochu/Documents/School/TelecomSaintEtienne/TSE3/ApplicationDistribuee/TDs/tse_graphql/target/test-classes:/Users/robinbochu/Documents/School/TelecomSaintEtienne/TSE3/ApplicationDistribuee/TDs/tse_graphql/target/classes:/Users/robinbochu/.m2/repository/org/springframework/boot/spring-boot-starter-web/3.1.6/spring-boot-starter-web-3.1.6.jar:/Users/robinbochu/.m2/repository/org/springframework/boot/spring-boot-starter/3.1.6/spring-boot-starter-3.1.6.jar:/Users/robinbochu/.m2/repository/org/springframework/boot/spring-boot/3.1.6/spring-boot-3.1.6.jar:/Users/robinbochu/.m2/repository/org/springframework/boot/spring-boot-autoconfigure/3.1.6/spring-boot-autoconfigure-3.1.6.jar:/Users/robinbochu/.m2/repository/org/springframework/boot/spring-boot-starter-logging/3.1.6/spring-boot-starter-logging-3.1.6.jar:/Users/robinbochu/.m2/repository/ch/qos/logback/logback-classic/1.4.11/logback-classic-1.4.11.jar:/Users/robinbochu/.m2/repository/ch/qos/logback/logback-core/1.4.11/logback-core-1.4.11.jar:/Users/robinbochu/.m2/repository/org/apache/logging/log4j/log4j-to-slf4j/2.20.0/log4j-to-slf4j-2.20.0.jar:/Users/robinbochu/.m2/repository/org/apache/logging/log4j/log4j-api/2.20.0/log4j-api-2.20.0.jar:/Users/robinbochu/.m2/repository/org/slf4j/jul-to-slf4j/2.0.9/jul-to-slf4j-2.0.9.jar:/Users/robinbochu/.m2/repository/jakarta/annotation/jakarta.annotation-api/2.1.1/jakarta.annotation-api-2.1.1.jar:/Users/robinbochu/.m2/repository/org/yaml/snakeyaml/1.33/snakeyaml-1.33.jar:/Users/robinbochu/.m2/repository/org/springframework/boot/spring-boot-starter-json/3.1.6/spring-boot-starter-json-3.1.6.jar:/Users/robinbochu/.m2/repository/com/fasterxml/jackson/core/jackson-databind/2.15.3/jackson-databind-2.15.3.jar:/Users/robinbochu/.m2/repository/com/fasterxml/jackson/core/jackson-annotations/2.15.3/jackson-annotations-2.15.3.jar:/Users/robinbochu/.m2/repository/com/fasterxml/jackson/core/jackson-core/2.15.3/jackson-core-2.15.3.jar:/Users/robinbochu/.m2/repository/com/fasterxml/jackson/datatype/jackson-datatype-jdk8/2.15.3/jackson-datatype-jdk8-2.15.3.jar:/Users/robinbochu/.m2/repository/com/fasterxml/jackson/datatype/jackson-datatype-jsr310/2.15.3/jackson-datatype-jsr310-2.15.3.jar:/Users/robinbochu/.m2/repository/com/fasterxml/jackson/module/jackson-module-parameter-names/2.15.3/jackson-module-parameter-names-2.15.3.jar:/Users/robinbochu/.m2/repository/org/springframework/boot/spring-boot-starter-tomcat/3.1.6/spring-boot-starter-tomcat-3.1.6.jar:/Users/robinbochu/.m2/repository/org/apache/tomcat/embed/tomcat-embed-core/10.1.16/tomcat-embed-core-10.1.16.jar:/Users/robinbochu/.m2/repository/org/apache/tomcat/embed/tomcat-embed-el/10.1.16/tomcat-embed-el-10.1.16.jar:/Users/robinbochu/.m2/repository/org/apache/tomcat/embed/tomcat-embed-websocket/10.1.16/tomcat-embed-websocket-10.1.16.jar:/Users/robinbochu/.m2/repository/org/springframework/spring-web/6.0.14/spring-web-6.0.14.jar:/Users/robinbochu/.m2/repository/org/springframework/spring-beans/6.0.14/spring-beans-6.0.14.jar:/Users/robinbochu/.m2/repository/io/micrometer/micrometer-observation/1.11.6/micrometer-observation-1.11.6.jar:/Users/robinbochu/.m2/repository/io/micrometer/micrometer-commons/1.11.6/micrometer-commons-1.11.6.jar:/Users/robinbochu/.m2/repository/org/springframework/spring-webmvc/6.0.14/spring-webmvc-6.0.14.jar:/Users/robinbochu/.m2/repository/org/springframework/spring-aop/6.0.14/spring-aop-6.0.14.jar:/Users/robinbochu/.m2/repository/org/springframework/spring-expression/6.0.14/spring-expression-6.0.14.jar:/Users/robinbochu/.m2/repository/org/springframework/boot/spring-boot-starter-graphql/3.1.6/spring-boot-starter-graphql-3.1.6.jar:/Users/robinbochu/.m2/repository/org/springframework/graphql/spring-graphql/1.2.4/spring-graphql-1.2.4.jar:/Users/robinbochu/.m2/repository/io/micrometer/context-propagation/1.0.6/context-propagation-1.0.6.jar:/Users/robinbochu/.m2/repository/org/springframework/boot/spring-boot-starter-test/3.1.6/spring-boot-starter-test-3.1.6.jar:/Users/robinbochu/.m2/repository/org/springframework/boot/spring-boot-test/3.1.6/spring-boot-test-3.1.6.jar:/Users/robinbochu/.m2/repository/org/springframework/boot/spring-boot-test-autoconfigure/3.1.6/spring-boot-test-autoconfigure-3.1.6.jar:/Users/robinbochu/.m2/repository/com/jayway/jsonpath/json-path/2.8.0/json-path-2.8.0.jar:/Users/robinbochu/.m2/repository/org/slf4j/slf4j-api/2.0.9/slf4j-api-2.0.9.jar:/Users/robinbochu/.m2/repository/jakarta/xml/bind/jakarta.xml.bind-api/4.0.1/jakarta.xml.bind-api-4.0.1.jar:/Users/robinbochu/.m2/repository/jakarta/activation/jakarta.activation-api/2.1.2/jakarta.activation-api-2.1.2.jar:/Users/robinbochu/.m2/repository/net/minidev/json-smart/2.4.11/json-smart-2.4.11.jar:/Users/robinbochu/.m2/repository/net/minidev/accessors-smart/2.4.11/accessors-smart-2.4.11.jar:/Users/robinbochu/.m2/repository/org/ow2/asm/asm/9.3/asm-9.3.jar:/Users/robinbochu/.m2/repository/org/assertj/assertj-core/3.24.2/assertj-core-3.24.2.jar:/Users/robinbochu/.m2/repository/net/bytebuddy/byte-buddy/1.14.10/byte-buddy-1.14.10.jar:/Users/robinbochu/.m2/repository/org/hamcrest/hamcrest/2.2/hamcrest-2.2.jar:/Users/robinbochu/.m2/repository/org/junit/jupiter/junit-jupiter/5.9.3/junit-jupiter-5.9.3.jar:/Users/robinbochu/.m2/repository/org/junit/jupiter/junit-jupiter-api/5.9.3/junit-jupiter-api-5.9.3.jar:/Users/robinbochu/.m2/repository/org/opentest4j/opentest4j/1.2.0/opentest4j-1.2.0.jar:/Users/robinbochu/.m2/repository/org/junit/platform/junit-platform-commons/1.9.3/junit-platform-commons-1.9.3.jar:/Users/robinbochu/.m2/repository/org/apiguardian/apiguardian-api/1.1.2/apiguardian-api-1.1.2.jar:/Users/robinbochu/.m2/repository/org/junit/jupiter/junit-jupiter-params/5.9.3/junit-jupiter-params-5.9.3.jar:/Users/robinbochu/.m2/repository/org/junit/jupiter/junit-jupiter-engine/5.9.3/junit-jupiter-engine-5.9.3.jar:/Users/robinbochu/.m2/repository/org/junit/platform/junit-platform-engine/1.9.3/junit-platform-engine-1.9.3.jar:/Users/robinbochu/.m2/repository/org/mockito/mockito-core/5.3.1/mockito-core-5.3.1.jar:/Users/robinbochu/.m2/repository/net/bytebuddy/byte-buddy-agent/1.14.10/byte-buddy-agent-1.14.10.jar:/Users/robinbochu/.m2/repository/org/objenesis/objenesis/3.3/objenesis-3.3.jar:/Users/robinbochu/.m2/repository/org/mockito/mockito-junit-jupiter/5.3.1/mockito-junit-jupiter-5.3.1.jar:/Users/robinbochu/.m2/repository/org/skyscreamer/jsonassert/1.5.1/jsonassert-1.5.1.jar:/Users/robinbochu/.m2/repository/com/vaadin/external/google/android-json/0.0.20131108.vaadin1/android-json-0.0.20131108.vaadin1.jar:/Users/robinbochu/.m2/repository/org/springframework/spring-core/6.0.14/spring-core-6.0.14.jar:/Users/robinbochu/.m2/repository/org/springframework/spring-jcl/6.0.14/spring-jcl-6.0.14.jar:/Users/robinbochu/.m2/repository/org/springframework/spring-test/6.0.14/spring-test-6.0.14.jar:/Users/robinbochu/.m2/repository/org/xmlunit/xmlunit-core/2.9.1/xmlunit-core-2.9.1.jar:/Users/robinbochu/.m2/repository/org/springframework/graphql/spring-graphql-test/1.2.4/spring-graphql-test-1.2.4.jar:/Users/robinbochu/.m2/repository/com/graphql-java/graphql-java/20.2/graphql-java-20.2.jar:/Users/robinbochu/.m2/repository/com/graphql-java/java-dataloader/3.2.0/java-dataloader-3.2.0.jar:/Users/robinbochu/.m2/repository/org/reactivestreams/reactive-streams/1.0.4/reactive-streams-1.0.4.jar:/Users/robinbochu/.m2/repository/io/projectreactor/reactor-core/3.5.12/reactor-core-3.5.12.jar:/Users/robinbochu/.m2/repository/org/springframework/spring-context/6.0.14/spring-context-6.0.14.jar:"/>
    <property name="java.vm.vendor" value="Homebrew"/>
    <property name="sun.arch.data.model" value="64"/>
    <property name="java.vendor.url" value="https://github.com/Homebrew/homebrew-core/issues"/>
    <property name="user.timezone" value="Europe/Paris"/>
    <property name="os.name" value="Mac OS X"/>
    <property name="java.vm.specification.version" value="21"/>
    <property name="sun.java.launcher" value="SUN_STANDARD"/>
    <property name="user.country" value="FR"/>
    <property name="sun.boot.library.path" value="/opt/homebrew/Cellar/openjdk/21.0.1/libexec/openjdk.jdk/Contents/Home/lib"/>
    <property name="sun.java.command" value="/Users/robinbochu/Documents/School/TelecomSaintEtienne/TSE3/ApplicationDistribuee/TDs/tse_graphql/target/surefire/surefirebooter-20240202083425466_3.jar /Users/robinbochu/Documents/School/TelecomSaintEtienne/TSE3/ApplicationDistribuee/TDs/tse_graphql/target/surefire 2024-02-02T08-34-25_414-jvmRun1 surefire-20240202083425466_1tmp surefire_0-20240202083425466_2tmp"/>
    <property name="http.nonProxyHosts" value="local|*.local|169.254/16|*.169.254/16"/>
    <property name="jdk.debug" value="release"/>
    <property name="surefire.test.class.path" value="/Users/robinbochu/Documents/School/TelecomSaintEtienne/TSE3/ApplicationDistribuee/TDs/tse_graphql/target/test-classes:/Users/robinbochu/Documents/School/TelecomSaintEtienne/TSE3/ApplicationDistribuee/TDs/tse_graphql/target/classes:/Users/robinbochu/.m2/repository/org/springframework/boot/spring-boot-starter-web/3.1.6/spring-boot-starter-web-3.1.6.jar:/Users/robinbochu/.m2/repository/org/springframework/boot/spring-boot-starter/3.1.6/spring-boot-starter-3.1.6.jar:/Users/robinbochu/.m2/repository/org/springframework/boot/spring-boot/3.1.6/spring-boot-3.1.6.jar:/Users/robinbochu/.m2/repository/org/springframework/boot/spring-boot-autoconfigure/3.1.6/spring-boot-autoconfigure-3.1.6.jar:/Users/robinbochu/.m2/repository/org/springframework/boot/spring-boot-starter-logging/3.1.6/spring-boot-starter-logging-3.1.6.jar:/Users/robinbochu/.m2/repository/ch/qos/logback/logback-classic/1.4.11/logback-classic-1.4.11.jar:/Users/robinbochu/.m2/repository/ch/qos/logback/logback-core/1.4.11/logback-core-1.4.11.jar:/Users/robinbochu/.m2/repository/org/apache/logging/log4j/log4j-to-slf4j/2.20.0/log4j-to-slf4j-2.20.0.jar:/Users/robinbochu/.m2/repository/org/apache/logging/log4j/log4j-api/2.20.0/log4j-api-2.20.0.jar:/Users/robinbochu/.m2/repository/org/slf4j/jul-to-slf4j/2.0.9/jul-to-slf4j-2.0.9.jar:/Users/robinbochu/.m2/repository/jakarta/annotation/jakarta.annotation-api/2.1.1/jakarta.annotation-api-2.1.1.jar:/Users/robinbochu/.m2/repository/org/yaml/snakeyaml/1.33/snakeyaml-1.33.jar:/Users/robinbochu/.m2/repository/org/springframework/boot/spring-boot-starter-json/3.1.6/spring-boot-starter-json-3.1.6.jar:/Users/robinbochu/.m2/repository/com/fasterxml/jackson/core/jackson-databind/2.15.3/jackson-databind-2.15.3.jar:/Users/robinbochu/.m2/repository/com/fasterxml/jackson/core/jackson-annotations/2.15.3/jackson-annotations-2.15.3.jar:/Users/robinbochu/.m2/repository/com/fasterxml/jackson/core/jackson-core/2.15.3/jackson-core-2.15.3.jar:/Users/robinbochu/.m2/repository/com/fasterxml/jackson/datatype/jackson-datatype-jdk8/2.15.3/jackson-datatype-jdk8-2.15.3.jar:/Users/robinbochu/.m2/repository/com/fasterxml/jackson/datatype/jackson-datatype-jsr310/2.15.3/jackson-datatype-jsr310-2.15.3.jar:/Users/robinbochu/.m2/repository/com/fasterxml/jackson/module/jackson-module-parameter-names/2.15.3/jackson-module-parameter-names-2.15.3.jar:/Users/robinbochu/.m2/repository/org/springframework/boot/spring-boot-starter-tomcat/3.1.6/spring-boot-starter-tomcat-3.1.6.jar:/Users/robinbochu/.m2/repository/org/apache/tomcat/embed/tomcat-embed-core/10.1.16/tomcat-embed-core-10.1.16.jar:/Users/robinbochu/.m2/repository/org/apache/tomcat/embed/tomcat-embed-el/10.1.16/tomcat-embed-el-10.1.16.jar:/Users/robinbochu/.m2/repository/org/apache/tomcat/embed/tomcat-embed-websocket/10.1.16/tomcat-embed-websocket-10.1.16.jar:/Users/robinbochu/.m2/repository/org/springframework/spring-web/6.0.14/spring-web-6.0.14.jar:/Users/robinbochu/.m2/repository/org/springframework/spring-beans/6.0.14/spring-beans-6.0.14.jar:/Users/robinbochu/.m2/repository/io/micrometer/micrometer-observation/1.11.6/micrometer-observation-1.11.6.jar:/Users/robinbochu/.m2/repository/io/micrometer/micrometer-commons/1.11.6/micrometer-commons-1.11.6.jar:/Users/robinbochu/.m2/repository/org/springframework/spring-webmvc/6.0.14/spring-webmvc-6.0.14.jar:/Users/robinbochu/.m2/repository/org/springframework/spring-aop/6.0.14/spring-aop-6.0.14.jar:/Users/robinbochu/.m2/repository/org/springframework/spring-expression/6.0.14/spring-expression-6.0.14.jar:/Users/robinbochu/.m2/repository/org/springframework/boot/spring-boot-starter-graphql/3.1.6/spring-boot-starter-graphql-3.1.6.jar:/Users/robinbochu/.m2/repository/org/springframework/graphql/spring-graphql/1.2.4/spring-graphql-1.2.4.jar:/Users/robinbochu/.m2/repository/io/micrometer/context-propagation/1.0.6/context-propagation-1.0.6.jar:/Users/robinbochu/.m2/repository/org/springframework/boot/spring-boot-starter-test/3.1.6/spring-boot-starter-test-3.1.6.jar:/Users/robinbochu/.m2/repository/org/springframework/boot/spring-boot-test/3.1.6/spring-boot-test-3.1.6.jar:/Users/robinbochu/.m2/repository/org/springframework/boot/spring-boot-test-autoconfigure/3.1.6/spring-boot-test-autoconfigure-3.1.6.jar:/Users/robinbochu/.m2/repository/com/jayway/jsonpath/json-path/2.8.0/json-path-2.8.0.jar:/Users/robinbochu/.m2/repository/org/slf4j/slf4j-api/2.0.9/slf4j-api-2.0.9.jar:/Users/robinbochu/.m2/repository/jakarta/xml/bind/jakarta.xml.bind-api/4.0.1/jakarta.xml.bind-api-4.0.1.jar:/Users/robinbochu/.m2/repository/jakarta/activation/jakarta.activation-api/2.1.2/jakarta.activation-api-2.1.2.jar:/Users/robinbochu/.m2/repository/net/minidev/json-smart/2.4.11/json-smart-2.4.11.jar:/Users/robinbochu/.m2/repository/net/minidev/accessors-smart/2.4.11/accessors-smart-2.4.11.jar:/Users/robinbochu/.m2/repository/org/ow2/asm/asm/9.3/asm-9.3.jar:/Users/robinbochu/.m2/repository/org/assertj/assertj-core/3.24.2/assertj-core-3.24.2.jar:/Users/robinbochu/.m2/repository/net/bytebuddy/byte-buddy/1.14.10/byte-buddy-1.14.10.jar:/Users/robinbochu/.m2/repository/org/hamcrest/hamcrest/2.2/hamcrest-2.2.jar:/Users/robinbochu/.m2/repository/org/junit/jupiter/junit-jupiter/5.9.3/junit-jupiter-5.9.3.jar:/Users/robinbochu/.m2/repository/org/junit/jupiter/junit-jupiter-api/5.9.3/junit-jupiter-api-5.9.3.jar:/Users/robinbochu/.m2/repository/org/opentest4j/opentest4j/1.2.0/opentest4j-1.2.0.jar:/Users/robinbochu/.m2/repository/org/junit/platform/junit-platform-commons/1.9.3/junit-platform-commons-1.9.3.jar:/Users/robinbochu/.m2/repository/org/apiguardian/apiguardian-api/1.1.2/apiguardian-api-1.1.2.jar:/Users/robinbochu/.m2/repository/org/junit/jupiter/junit-jupiter-params/5.9.3/junit-jupiter-params-5.9.3.jar:/Users/robinbochu/.m2/repository/org/junit/jupiter/junit-jupiter-engine/5.9.3/junit-jupiter-engine-5.9.3.jar:/Users/robinbochu/.m2/repository/org/junit/platform/junit-platform-engine/1.9.3/junit-platform-engine-1.9.3.jar:/Users/robinbochu/.m2/repository/org/mockito/mockito-core/5.3.1/mockito-core-5.3.1.jar:/Users/robinbochu/.m2/repository/net/bytebuddy/byte-buddy-agent/1.14.10/byte-buddy-agent-1.14.10.jar:/Users/robinbochu/.m2/repository/org/objenesis/objenesis/3.3/objenesis-3.3.jar:/Users/robinbochu/.m2/repository/org/mockito/mockito-junit-jupiter/5.3.1/mockito-junit-jupiter-5.3.1.jar:/Users/robinbochu/.m2/repository/org/skyscreamer/jsonassert/1.5.1/jsonassert-1.5.1.jar:/Users/robinbochu/.m2/repository/com/vaadin/external/google/android-json/0.0.20131108.vaadin1/android-json-0.0.20131108.vaadin1.jar:/Users/robinbochu/.m2/repository/org/springframework/spring-core/6.0.14/spring-core-6.0.14.jar:/Users/robinbochu/.m2/repository/org/springframework/spring-jcl/6.0.14/spring-jcl-6.0.14.jar:/Users/robinbochu/.m2/repository/org/springframework/spring-test/6.0.14/spring-test-6.0.14.jar:/Users/robinbochu/.m2/repository/org/xmlunit/xmlunit-core/2.9.1/xmlunit-core-2.9.1.jar:/Users/robinbochu/.m2/repository/org/springframework/graphql/spring-graphql-test/1.2.4/spring-graphql-test-1.2.4.jar:/Users/robinbochu/.m2/repository/com/graphql-java/graphql-java/20.2/graphql-java-20.2.jar:/Users/robinbochu/.m2/repository/com/graphql-java/java-dataloader/3.2.0/java-dataloader-3.2.0.jar:/Users/robinbochu/.m2/repository/org/reactivestreams/reactive-streams/1.0.4/reactive-streams-1.0.4.jar:/Users/robinbochu/.m2/repository/io/projectreactor/reactor-core/3.5.12/reactor-core-3.5.12.jar:/Users/robinbochu/.m2/repository/org/springframework/spring-context/6.0.14/spring-context-6.0.14.jar:"/>
    <property name="sun.cpu.endian" value="little"/>
    <property name="user.home" value="/Users/robinbochu"/>
    <property name="user.language" value="fr"/>
    <property name="java.specification.vendor" value="Oracle Corporation"/>
    <property name="java.version.date" value="2023-10-17"/>
    <property name="java.home" value="/opt/homebrew/Cellar/openjdk/21.0.1/libexec/openjdk.jdk/Contents/Home"/>
    <property name="file.separator" value="/"/>
    <property name="basedir" value="/Users/robinbochu/Documents/School/TelecomSaintEtienne/TSE3/ApplicationDistribuee/TDs/tse_graphql"/>
    <property name="java.vm.compressedOopsMode" value="Zero based"/>
    <property name="line.separator" value="&#10;"/>
    <property name="java.vm.specification.vendor" value="Oracle Corporation"/>
    <property name="java.specification.name" value="Java Platform API Specification"/>
    <property name="FILE_LOG_CHARSET" value="UTF-8"/>
    <property name="java.awt.headless" value="true"/>
    <property name="apple.awt.application.name" value="ForkedBooter"/>
    <property name="surefire.real.class.path" value="/Users/robinbochu/Documents/School/TelecomSaintEtienne/TSE3/ApplicationDistribuee/TDs/tse_graphql/target/surefire/surefirebooter-20240202083425466_3.jar"/>
    <property name="sun.management.compiler" value="HotSpot 64-Bit Tiered Compilers"/>
    <property name="ftp.nonProxyHosts" value="local|*.local|169.254/16|*.169.254/16"/>
    <property name="java.runtime.version" value="21.0.1"/>
    <property name="user.name" value="robinbochu"/>
    <property name="stdout.encoding" value="UTF-8"/>
    <property name="path.separator" value=":"/>
    <property name="os.version" value="14.1"/>
    <property name="java.runtime.name" value="OpenJDK Runtime Environment"/>
    <property name="file.encoding" value="UTF-8"/>
    <property name="java.vm.name" value="OpenJDK 64-Bit Server VM"/>
    <property name="java.vendor.version" value="Homebrew"/>
    <property name="localRepository" value="/Users/robinbochu/.m2/repository"/>
    <property name="java.vendor.url.bug" value="https://github.com/Homebrew/homebrew-core/issues"/>
    <property name="java.io.tmpdir" value="/var/folders/j3/tchtxx29319gbp_dsgcljm800000gn/T/"/>
    <property name="java.version" value="21.0.1"/>
    <property name="user.dir" value="/Users/robinbochu/Documents/School/TelecomSaintEtienne/TSE3/ApplicationDistribuee/TDs/tse_graphql"/>
    <property name="os.arch" value="aarch64"/>
    <property name="java.vm.specification.name" value="Java Virtual Machine Specification"/>
    <property name="PID" value="37000"/>
    <property name="CONSOLE_LOG_CHARSET" value="UTF-8"/>
    <property name="native.encoding" value="UTF-8"/>
    <property name="java.library.path" value="/Users/robinbochu/Library/Java/Extensions:/Library/Java/Extensions:/Network/Library/Java/Extensions:/System/Library/Java/Extensions:/usr/lib/java:."/>
    <property name="java.vm.info" value="mixed mode, sharing"/>
    <property name="stderr.encoding" value="UTF-8"/>
    <property name="java.vendor" value="Homebrew"/>
    <property name="java.vm.version" value="21.0.1"/>
    <property name="sun.io.unicode.encoding" value="UnicodeBig"/>
    <property name="socksNonProxyHosts" value="local|*.local|169.254/16|*.169.254/16"/>
    <property name="java.class.version" value="65.0"/>
  </properties>
  <testcase name="testRecentPosts" classname="org.rygn.first_graphql.FirstGraphqlApplicationTests" time="0.547">
    <error message="Failed to find document, name=&apos;recent_posts&apos;, under location(s)=[class path resource [graphql-test/]]" type="java.lang.IllegalStateException"><![CDATA[java.lang.IllegalStateException: Failed to find document, name='recent_posts', under location(s)=[class path resource [graphql-test/]]
	at org.springframework.graphql.support.ResourceDocumentSource.lambda$getDocument$1(ResourceDocumentSource.java:100)
	at reactor.core.publisher.MonoRunnable.subscribe(MonoRunnable.java:49)
	at reactor.core.publisher.Mono.subscribe(Mono.java:4495)
	at reactor.core.publisher.FluxSwitchIfEmpty$SwitchIfEmptySubscriber.onComplete(FluxSwitchIfEmpty.java:82)
	at reactor.core.publisher.FluxMap$MapSubscriber.onComplete(FluxMap.java:144)
	at reactor.core.publisher.MonoNext$NextSubscriber.onComplete(MonoNext.java:102)
	at reactor.core.publisher.FluxFilterFuseable$FilterFuseableSubscriber.onComplete(FluxFilterFuseable.java:171)
	at reactor.core.publisher.FluxFlattenIterable$FlattenIterableSubscriber.drainSync(FluxFlattenIterable.java:577)
	at reactor.core.publisher.FluxFlattenIterable$FlattenIterableSubscriber.drain(FluxFlattenIterable.java:721)
	at reactor.core.publisher.FluxFlattenIterable$FlattenIterableSubscriber.request(FluxFlattenIterable.java:303)
	at reactor.core.publisher.FluxFilterFuseable$FilterFuseableSubscriber.request(FluxFilterFuseable.java:191)
	at reactor.core.publisher.MonoNext$NextSubscriber.request(MonoNext.java:108)
	at reactor.core.publisher.FluxMap$MapSubscriber.request(FluxMap.java:164)
	at reactor.core.publisher.Operators$MultiSubscriptionSubscriber.set(Operators.java:2341)
	at reactor.core.publisher.Operators$MultiSubscriptionSubscriber.onSubscribe(Operators.java:2215)
	at reactor.core.publisher.FluxMap$MapSubscriber.onSubscribe(FluxMap.java:92)
	at reactor.core.publisher.MonoNext$NextSubscriber.onSubscribe(MonoNext.java:70)
	at reactor.core.publisher.FluxFilterFuseable$FilterFuseableSubscriber.onSubscribe(FluxFilterFuseable.java:87)
	at reactor.core.publisher.FluxFlattenIterable$FlattenIterableSubscriber.onSubscribe(FluxFlattenIterable.java:222)
	at reactor.core.publisher.FluxIterable.subscribe(FluxIterable.java:201)
	at reactor.core.publisher.FluxIterable.subscribe(FluxIterable.java:83)
	at reactor.core.publisher.Mono.subscribe(Mono.java:4495)
	at reactor.core.publisher.MonoSubscribeOn$SubscribeOnSubscriber.run(MonoSubscribeOn.java:126)
	at reactor.core.scheduler.WorkerTask.call(WorkerTask.java:84)
	at reactor.core.scheduler.WorkerTask.call(WorkerTask.java:37)
	at java.base/java.util.concurrent.FutureTask.run(FutureTask.java:317)
	at java.base/java.util.concurrent.ScheduledThreadPoolExecutor$ScheduledFutureTask.run(ScheduledThreadPoolExecutor.java:304)
	at java.base/java.util.concurrent.ThreadPoolExecutor.runWorker(ThreadPoolExecutor.java:1144)
	at java.base/java.util.concurrent.ThreadPoolExecutor$Worker.run(ThreadPoolExecutor.java:642)
	at java.base/java.lang.Thread.run(Thread.java:1583)
	Suppressed: java.lang.Exception: #block terminated with an error
		at reactor.core.publisher.BlockingSingleSubscriber.blockingGet(BlockingSingleSubscriber.java:144)
		at reactor.core.publisher.Mono.block(Mono.java:1738)
		at org.springframework.graphql.test.tester.DefaultGraphQlTester.documentName(DefaultGraphQlTester.java:100)
		at org.springframework.graphql.test.tester.AbstractDelegatingGraphQlTester.documentName(AbstractDelegatingGraphQlTester.java:49)
		at org.rygn.first_graphql.FirstGraphqlApplicationTests.testRecentPosts(FirstGraphqlApplicationTests.java:29)
		at java.base/jdk.internal.reflect.DirectMethodHandleAccessor.invoke(DirectMethodHandleAccessor.java:103)
		at java.base/java.lang.reflect.Method.invoke(Method.java:580)
		at org.junit.platform.commons.util.ReflectionUtils.invokeMethod(ReflectionUtils.java:727)
		at org.junit.jupiter.engine.execution.MethodInvocation.proceed(MethodInvocation.java:60)
		at org.junit.jupiter.engine.execution.InvocationInterceptorChain$ValidatingInvocation.proceed(InvocationInterceptorChain.java:131)
		at org.junit.jupiter.engine.extension.TimeoutExtension.intercept(TimeoutExtension.java:156)
		at org.junit.jupiter.engine.extension.TimeoutExtension.interceptTestableMethod(TimeoutExtension.java:147)
		at org.junit.jupiter.engine.extension.TimeoutExtension.interceptTestMethod(TimeoutExtension.java:86)
		at org.junit.jupiter.engine.execution.InterceptingExecutableInvoker$ReflectiveInterceptorCall.lambda$ofVoidMethod$0(InterceptingExecutableInvoker.java:103)
		at org.junit.jupiter.engine.execution.InterceptingExecutableInvoker.lambda$invoke$0(InterceptingExecutableInvoker.java:93)
		at org.junit.jupiter.engine.execution.InvocationInterceptorChain$InterceptedInvocation.proceed(InvocationInterceptorChain.java:106)
		at org.junit.jupiter.engine.execution.InvocationInterceptorChain.proceed(InvocationInterceptorChain.java:64)
		at org.junit.jupiter.engine.execution.InvocationInterceptorChain.chainAndInvoke(InvocationInterceptorChain.java:45)
		at org.junit.jupiter.engine.execution.InvocationInterceptorChain.invoke(InvocationInterceptorChain.java:37)
		at org.junit.jupiter.engine.execution.InterceptingExecutableInvoker.invoke(InterceptingExecutableInvoker.java:92)
		at org.junit.jupiter.engine.execution.InterceptingExecutableInvoker.invoke(InterceptingExecutableInvoker.java:86)
		at org.junit.jupiter.engine.descriptor.TestMethodTestDescriptor.lambda$invokeTestMethod$7(TestMethodTestDescriptor.java:217)
		at org.junit.platform.engine.support.hierarchical.ThrowableCollector.execute(ThrowableCollector.java:73)
		at org.junit.jupiter.engine.descriptor.TestMethodTestDescriptor.invokeTestMethod(TestMethodTestDescriptor.java:213)
		at org.junit.jupiter.engine.descriptor.TestMethodTestDescriptor.execute(TestMethodTestDescriptor.java:138)
		at org.junit.jupiter.engine.descriptor.TestMethodTestDescriptor.execute(TestMethodTestDescriptor.java:68)
		at org.junit.platform.engine.support.hierarchical.NodeTestTask.lambda$executeRecursively$6(NodeTestTask.java:151)
		at org.junit.platform.engine.support.hierarchical.ThrowableCollector.execute(ThrowableCollector.java:73)
		at org.junit.platform.engine.support.hierarchical.NodeTestTask.lambda$executeRecursively$8(NodeTestTask.java:141)
		at org.junit.platform.engine.support.hierarchical.Node.around(Node.java:137)
		at org.junit.platform.engine.support.hierarchical.NodeTestTask.lambda$executeRecursively$9(NodeTestTask.java:139)
		at org.junit.platform.engine.support.hierarchical.ThrowableCollector.execute(ThrowableCollector.java:73)
		at org.junit.platform.engine.support.hierarchical.NodeTestTask.executeRecursively(NodeTestTask.java:138)
		at org.junit.platform.engine.support.hierarchical.NodeTestTask.execute(NodeTestTask.java:95)
		at java.base/java.util.ArrayList.forEach(ArrayList.java:1596)
		at org.junit.platform.engine.support.hierarchical.SameThreadHierarchicalTestExecutorService.invokeAll(SameThreadHierarchicalTestExecutorService.java:41)
		at org.junit.platform.engine.support.hierarchical.NodeTestTask.lambda$executeRecursively$6(NodeTestTask.java:155)
		at org.junit.platform.engine.support.hierarchical.ThrowableCollector.execute(ThrowableCollector.java:73)
		at org.junit.platform.engine.support.hierarchical.NodeTestTask.lambda$executeRecursively$8(NodeTestTask.java:141)
		at org.junit.platform.engine.support.hierarchical.Node.around(Node.java:137)
		at org.junit.platform.engine.support.hierarchical.NodeTestTask.lambda$executeRecursively$9(NodeTestTask.java:139)
		at org.junit.platform.engine.support.hierarchical.ThrowableCollector.execute(ThrowableCollector.java:73)
		at org.junit.platform.engine.support.hierarchical.NodeTestTask.executeRecursively(NodeTestTask.java:138)
		at org.junit.platform.engine.support.hierarchical.NodeTestTask.execute(NodeTestTask.java:95)
		at java.base/java.util.ArrayList.forEach(ArrayList.java:1596)
		at org.junit.platform.engine.support.hierarchical.SameThreadHierarchicalTestExecutorService.invokeAll(SameThreadHierarchicalTestExecutorService.java:41)
		at org.junit.platform.engine.support.hierarchical.NodeTestTask.lambda$executeRecursively$6(NodeTestTask.java:155)
		at org.junit.platform.engine.support.hierarchical.ThrowableCollector.execute(ThrowableCollector.java:73)
		at org.junit.platform.engine.support.hierarchical.NodeTestTask.lambda$executeRecursively$8(NodeTestTask.java:141)
		at org.junit.platform.engine.support.hierarchical.Node.around(Node.java:137)
		at org.junit.platform.engine.support.hierarchical.NodeTestTask.lambda$executeRecursively$9(NodeTestTask.java:139)
		at org.junit.platform.engine.support.hierarchical.ThrowableCollector.execute(ThrowableCollector.java:73)
		at org.junit.platform.engine.support.hierarchical.NodeTestTask.executeRecursively(NodeTestTask.java:138)
		at org.junit.platform.engine.support.hierarchical.NodeTestTask.execute(NodeTestTask.java:95)
		at org.junit.platform.engine.support.hierarchical.SameThreadHierarchicalTestExecutorService.submit(SameThreadHierarchicalTestExecutorService.java:35)
		at org.junit.platform.engine.support.hierarchical.HierarchicalTestExecutor.execute(HierarchicalTestExecutor.java:57)
		at org.junit.platform.engine.support.hierarchical.HierarchicalTestEngine.execute(HierarchicalTestEngine.java:54)
		at org.junit.platform.launcher.core.EngineExecutionOrchestrator.execute(EngineExecutionOrchestrator.java:147)
		at org.junit.platform.launcher.core.EngineExecutionOrchestrator.execute(EngineExecutionOrchestrator.java:127)
		at org.junit.platform.launcher.core.EngineExecutionOrchestrator.execute(EngineExecutionOrchestrator.java:90)
		at org.junit.platform.launcher.core.EngineExecutionOrchestrator.lambda$execute$0(EngineExecutionOrchestrator.java:55)
		at org.junit.platform.launcher.core.EngineExecutionOrchestrator.withInterceptedStreams(EngineExecutionOrchestrator.java:102)
		at org.junit.platform.launcher.core.EngineExecutionOrchestrator.execute(EngineExecutionOrchestrator.java:54)
		at org.junit.platform.launcher.core.DefaultLauncher.execute(DefaultLauncher.java:114)
		at org.junit.platform.launcher.core.DefaultLauncher.execute(DefaultLauncher.java:86)
		at org.junit.platform.launcher.core.DefaultLauncherSession$DelegatingLauncher.execute(DefaultLauncherSession.java:86)
		at org.apache.maven.surefire.junitplatform.LazyLauncher.execute(LazyLauncher.java:50)
		at org.apache.maven.surefire.junitplatform.JUnitPlatformProvider.execute(JUnitPlatformProvider.java:184)
		at org.apache.maven.surefire.junitplatform.JUnitPlatformProvider.invokeAllTests(JUnitPlatformProvider.java:148)
		at org.apache.maven.surefire.junitplatform.JUnitPlatformProvider.invoke(JUnitPlatformProvider.java:122)
		at org.apache.maven.surefire.booter.ForkedBooter.runSuitesInProcess(ForkedBooter.java:385)
		at org.apache.maven.surefire.booter.ForkedBooter.execute(ForkedBooter.java:162)
		at org.apache.maven.surefire.booter.ForkedBooter.run(ForkedBooter.java:507)
		at org.apache.maven.surefire.booter.ForkedBooter.main(ForkedBooter.java:495)
]]></error>
    <system-out><![CDATA[08:34:25.922 [main] INFO org.springframework.test.context.support.AnnotationConfigContextLoaderUtils -- Could not detect default configuration classes for test class [org.rygn.first_graphql.FirstGraphqlApplicationTests]: FirstGraphqlApplicationTests does not declare any static, non-private, non-final, nested classes annotated with @Configuration.
08:34:25.989 [main] INFO org.springframework.boot.test.context.SpringBootTestContextBootstrapper -- Found @SpringBootConfiguration org.rygn.first_graphql.FirstGraphqlApplication for test class org.rygn.first_graphql.FirstGraphqlApplicationTests

  .   ____          _            __ _ _
 /\\ / ___'_ __ _ _(_)_ __  __ _ \ \ \ \
( ( )\___ | '_ | '_| | '_ \/ _` | \ \ \ \
 \\/  ___)| |_)| | | | | || (_| |  ) ) ) )
  '  |____| .__|_| |_|_| |_\__, | / / / /
 =========|_|==============|___/=/_/_/_/
 :: Spring Boot ::                (v3.1.6)

2024-02-02T08:34:26.177+01:00  INFO 37000 --- [           main] o.r.f.FirstGraphqlApplicationTests       : Starting FirstGraphqlApplicationTests using Java 21.0.1 with PID 37000 (started by robinbochu in /Users/robinbochu/Documents/School/TelecomSaintEtienne/TSE3/ApplicationDistribuee/TDs/tse_graphql)
2024-02-02T08:34:26.178+01:00  INFO 37000 --- [           main] o.r.f.FirstGraphqlApplicationTests       : No active profile set, falling back to 1 default profile: "default"
2024-02-02T08:34:26.511+01:00  INFO 37000 --- [           main] efaultSchemaResourceGraphQlSourceBuilder : Loaded 2 resource(s) in the GraphQL schema.
2024-02-02T08:34:26.661+01:00  INFO 37000 --- [           main] o.r.f.FirstGraphqlApplicationTests       : Started FirstGraphqlApplicationTests in 0.645 seconds (process running for 1.147)
]]></system-out>
    <system-err><![CDATA[WARNING: A Java agent has been loaded dynamically (/Users/robinbochu/.m2/repository/net/bytebuddy/byte-buddy-agent/1.14.10/byte-buddy-agent-1.14.10.jar)
WARNING: If a serviceability tool is in use, please run with -XX:+EnableDynamicAgentLoading to hide this warning
WARNING: If a serviceability tool is not in use, please run with -Djdk.instrument.traceUsage for more information
WARNING: Dynamic loading of agents will be disallowed by default in a future release
]]></system-err>
  </testcase>
</testsuite>